\o Program:		@(#)$CDS: libManager version 32.10 11/11/2011 13:43 (cat91amd) $
\o Sub version:		sub-version  s008 
\o Arguments:		-unmapped -mpssession virtuoso19048 -mpshost ccblincad14.ece.gatech.edu 
\o Working Directory:	ccblincad14.ece.gatech.edu:/nethome/rrudolph3/Desktop/wicpm/results
\o Qt version: 		4.5.3
\o Loading customization file "/tools/solsoft/solcad/ic610/ncsu-cdk-1.6.0.beta/cdssetup/cdsLibMgr.il"
\o Loading NCSU Library Manager customizations...done.
\o changeWorkingDir("/nethome/rrudolph3/Desktop/wicpm/results") unnecessary.
\o ddSetForcedLib("") unnecessary.
\o Log file is "/nethome/rrudolph3/Desktop/wicpm/results/libManager.log".
\o Opening libManager window.
\a nrSetWindowVisibility(cdsLibManager "show")
\o MPS service: map window
\a nrSetCurrentWindow(cdsLibManager)
\o Library Manager customization server connected.
\a nrResizeWindow(cdsLibManager list(151 66 1017 633))
\a cdsLibManager->libListBox->value = "cdsDefTechLib"
\a cdsLibManager->libListBox->value = "basic"
\a cdsLibManager->libLineEdit->value = "basic"
\a nrSetWindowVisibility(cdsLibManager "hide")
\o libManager is exiting.
\a exit(0)
