Virtuoso Framework License (111) was checked out successfully. Total checkout time was 0.09s.
*WARNING* (icLic-3) Could not get license Virtuoso_Layout_Suite_L
*INFO* (icLic-25) License Virtuoso_Layout_Suite_GXL ("Layout GXL") was used to run Layout L.
Loading /nethome/rrudolph3/Desktop/wicpm/ami06/.simrc file.

Running simulation in directory: "/nethome/rrudolph3/Desktop/wicpm/ami06/LVS".

*WARNING* (loadContext): could not restore method, undefined generic _parModeOnPreCreateHistory _mspsModeExt

*WARNING* (loadContext): could not restore method, undefined generic _parModeOnPreRun _mspsModeExt

*WARNING* (loadContext): could not restore method, undefined generic _parModeOnExit _mspsModeExt

*WARNING* (loadContext): could not restore method, undefined generic _parModeOnEntry _mspsModeExt

*WARNING* (loadContext): could not restore method, undefined generic _parModeAllowSwitch _mspsModeExt

*WARNING* (loadContext): could not restore method, undefined generic _parModeSetup _mspsModeExt

*WARNING* (loadContext): could not restore method, undefined generic _parModeSetParView _mspsModeExt

*WARNING* (loadContext): could not restore method, undefined generic _parModeSetSchView _mspsModeExt

*WARNING* (loadContext): could not restore method, undefined generic _parModeGetParView _mspsModeExt

*WARNING* (loadContext): could not restore method, undefined generic _parModeGetSchView _mspsModeExt

*WARNING* (loadContext): could not restore method, undefined generic _parModeBuildParViewHelp _mspsModeExt

*WARNING* (loadContext): could not restore method, undefined generic _parModeBuildParView _mspsModeExt

*WARNING* (loadContext): could not restore method, undefined generic _parModeUpdateParView _mspsModeSchEst

*WARNING* (loadContext): could not restore method, undefined generic _parModeBuildEst _mspsModeSchEst

*WARNING* (loadContext): could not restore method, undefined generic _parModeAllowSwitch _mspsModeSchEst

*WARNING* (loadContext): could not restore method, undefined generic _parModeSetup _mspsModeSchEst

*WARNING* (loadContext): could not restore method, undefined generic _parModeSetParView _mspsModeSchEst

*WARNING* (loadContext): could not restore method, undefined generic _parModeSetSchView _mspsModeSchEst

*WARNING* (loadContext): could not restore method, undefined generic _parModeGetParView _mspsModeSchEst

*WARNING* (loadContext): could not restore method, undefined generic _parModeGetSchView _mspsModeSchEst

*WARNING* (loadContext): could not restore method, undefined generic _parEstBuildViewName _mspsEstBuild

*WARNING* (loadContext): could not restore method, undefined generic _parEstBuildCellName _mspsEstBuild

*WARNING* (loadContext): could not restore method, undefined generic _parEstBuildLibName _mspsEstBuild

*WARNING* (loadContext): could not restore method, undefined generic _parMsgReport _mspsMsgReporter



Begin netlist:    Apr 25 10:50:37 2018
	view name list	= ("auLvs" "extracted")
	stop name list	= ("auLvs")
	library name	= "lib6414"
	cell name	= "dac10bit"
	view name	= "extracted"
	globals lib	= "basic"
Running Artist Flat Netlisting ...
*WARNING* Parameter 'lxUseCell' already exists.
End netlist:    Apr 25 10:50:37 2018

Moving original netlist to extNetlist
Removing parasitic components from netlist
	presistors removed:  0
	pcapacitors removed: 0
	pinductors removed:  0
	pdiodes removed:     0
	trans lines removed: 0
	52 nodes merged into 52 nodes


Begin netlist:    Apr 25 10:50:37 2018
	view name list	= ("auLvs" "cmos_sch" "schematic" "symbol")
	stop name list	= ("auLvs")
	library name	= "lib6414"
	cell name	= "dac10bit"
	view name	= "schematic"
	globals lib	= "basic"
Running Artist Flat Netlisting ...
End netlist:    Apr 25 10:50:38 2018

Moving original netlist to extNetlist
Removing parasitic components from netlist
	presistors removed:  0
	pcapacitors removed: 0
	pinductors removed:  0
	pdiodes removed:     0
	trans lines removed: 0
	230 nodes merged into 230 nodes

Running netlist comparison program:  LVS
Begin comparison:    Apr 25 10:50:38 2018
@(#)$CDS: LVS version 6.1.5 01/16/2012 21:48 (sjfdl074) $

The net-lists match.

                             layout  schematic
                                instances
        un-matched              0       0      
        rewired                 0       0      
        size errors             0       0      
        pruned                  0       0      
        active                  90      90     
        total                   90      90     

                                  nets
        un-matched              0       0      
        merged                  0       0      
        pruned                  0       0      
        active                  52      52     
        total                   52      52     

                                terminals
        un-matched              0       0      
        matched but
        different type          0       0      
        total                   13      13     
End comparison:      Apr 25 10:50:38 2018


Comparison program completed successfully.
