@(#)$CDS: LVS version 6.1.5 01/16/2012 21:48 (sjfdl074) $

Command line: /tools/cadence/ic615hf/tools.lnx86/dfII/bin/32bit/LVS -dir /nethome/rrudolph3/Desktop/wicpm/ami06/LVS -l -s -t /nethome/rrudolph3/Desktop/wicpm/ami06/LVS/layout /nethome/rrudolph3/Desktop/wicpm/ami06/LVS/schematic
Like matching is enabled.
Net swapping is enabled.
Using terminal names as correspondence points.
Compiling Diva LVS rules...

    Net-list summary for /nethome/rrudolph3/Desktop/wicpm/ami06/LVS/layout/netlist
       count
        319             nets
        16              terminals
        31              res
        1               cap
        346             pmos
        351             nmos

    Net-list summary for /nethome/rrudolph3/Desktop/wicpm/ami06/LVS/schematic/netlist
       count
        318             nets
        16              terminals
        31              res
        1               cap
        346             pmos
        351             nmos


    Terminal correspondence points
    N306      N4        CLK
    N317      N17       D0
    N316      N13       D1
    N315      N18       D2
    N314      N16       D3
    N313      N8        D4
    N312      N5        D5
    N311      N9        D6
    N310      N15       D7
    N309      N20       D8
    N308      N11       D9
    N304      N2        EOC
    N318      N3        RESET
    N305      N10       VIN
    N303      N0        gnd!
    N307      N1        vdd!

Devices in the netlist but not in the rules:
        res
Devices in the rules but not in the netlist:
        nfet pfet nmos4 pmos4

1 net-list ambiguity was resolved by random selection.

The net-lists failed to match.

                             layout  schematic
                                instances
        un-matched              0       0      
        rewired                 0       0      
        size errors             0       0      
        pruned                  0       0      
        active                  729     729    
        total                   729     729    

                                  nets
        un-matched              0       0      
        merged                  1       0      
        pruned                  0       0      
        active                  319     318    
        total                   319     318    

                                terminals
        un-matched              0       0      
        matched but
        different type          0       0      
        total                   16      16     


Probe files from /nethome/rrudolph3/Desktop/wicpm/ami06/LVS/schematic

devbad.out:

netbad.out:

mergenet.out:

termbad.out:

prunenet.out:

prunedev.out:

audit.out:


Probe files from /nethome/rrudolph3/Desktop/wicpm/ami06/LVS/layout

devbad.out:

netbad.out:

mergenet.out:
N /53
? Net /53 merged with /61

termbad.out:

prunenet.out:

prunedev.out:

audit.out:
